<?xml version="1.0" encoding="UTF-8"?>
<!-- Generated by org.testng.reporters.JUnitReportReporter -->
<testsuite hostname="BIMWize3" failures="0" tests="1" name="test.LaunchMethod" time="0.016" errors="0" timestamp="06 Jun 2022 18:18:35 GMT" skipped="0">
  <testcase classname="test.LaunchMethod" name="test" time="0.016"/>
</testsuite> <!-- test.LaunchMethod -->
