<?xml version="1.0" encoding="UTF-8"?>
<!-- Generated by org.testng.reporters.JUnitReportReporter -->
<testsuite hostname="BIMWize3" failures="0" tests="6" name="test.LoginValidations" time="1.187" errors="0" timestamp="18 Jun 2022 12:49:08 GMT" skipped="0">
  <testcase classname="test.LoginValidations" name="validUNandValidPassword" time="0.332"/>
  <testcase classname="test.LoginValidations" name="validUNandinValidPassword" time="0.187"/>
  <testcase classname="test.LoginValidations" name="alidateloginclick" time="0.083"/>
  <testcase classname="test.LoginValidations" name="invalidUNandValidPassword" time="0.185"/>
  <testcase classname="test.LoginValidations" name="invalidUNandinValidPassword" time="0.181"/>
  <testcase classname="test.LoginValidations" name="invalidUNandinValidPassword" time="0.219"/>
</testsuite> <!-- test.LoginValidations -->
